#
# An unexpected error has been detected by HotSpot Virtual Machine:
#
#  EXCEPTION_ACCESS_VIOLATION (0xc0000005) at pc=0x7c911010, pid=1860, tid=400
#
# Java VM: Java HotSpot(TM) Client VM (1.5.0_06-b05 mixed mode, sharing)
# Problematic frame:
# C  [ntdll.dll+0x1010]
#

---------------  T H R E A D  ---------------

Current thread (0x00b0c430):  JavaThread "AWT-EventQueue-0" [_thread_in_native, id=400]

siginfo: ExceptionCode=0xc0000005, reading address 0x00000018

Registers:
EAX=0x00000004, EBX=0x0400f1ec, ECX=0x7ffd4000, EDX=0x00000004
ESP=0x0400f188, EBP=0x0400f1a0, ESI=0x00000000, EDI=0x04553d88
EIP=0x7c911010, EFLAGS=0x00010297

Top of Stack: (sp=0x0400f188)
0x0400f188:   74615a16 00000004 04553dac 745e139f
0x0400f198:   04553dac 00000000 0400f1b8 745ea244
0x0400f1a8:   04553dac 74610000 00b0c4f0 00000000
0x0400f1b8:   0400f1cc 745ea653 04942820 00b0c4f0
0x0400f1c8:   26bbbe20 0400f1e4 6d3e1157 04553d88
0x0400f1d8:   0400f1ec 00b0c430 26bbbe20 0400f21c
0x0400f1e8:   00b2826f 00000000 0400f238 04553d88
0x0400f1f8:   00000000 0400f22c 0400f200 00000000 

Instructions: (pc=0x7c911010)
0x7c911000:   90 90 90 90 90 64 8b 0d 18 00 00 00 8b 54 24 04
0x7c911010:   83 7a 14 00 75 4f f0 ff 42 04 75 19 8b 41 24 89 


Stack: [0x03fd0000,0x04010000),  sp=0x0400f188,  free space=252k
Native frames: (J=compiled Java code, j=interpreted, Vv=VM code, C=native code)
C  [ntdll.dll+0x1010]
C  [ODBC32.dll+0xa244]
C  [ODBC32.dll+0xa653]
C  [JdbcOdbc.dll+0x1157]
j  sun.jdbc.odbc.JdbcOdbc.allocConnect(J[B)J+0
j  sun.jdbc.odbc.JdbcOdbc.SQLAllocConnect(J)J+30
j  sun.jdbc.odbc.JdbcOdbcDriver.allocConnection(J)J+6
j  sun.jdbc.odbc.JdbcOdbcConnection.initialize(Ljava/lang/String;Ljava/util/Properties;I)V+37
j  sun.jdbc.odbc.JdbcOdbcDriver.connect(Ljava/lang/String;Ljava/util/Properties;)Ljava/sql/Connection;+129
j  java.sql.DriverManager.getConnection(Ljava/lang/String;Ljava/util/Properties;Ljava/lang/ClassLoader;)Ljava/sql/Connection;+165
j  java.sql.DriverManager.getConnection(Ljava/lang/String;)Ljava/sql/Connection;+15
j  BaseDatos.Sql.conectar()Ljava/sql/Connection;+13
j  BaseDatos.IntermediarioProveedores.<init>()V+20
j  Dominio.Controladores.ControladorABM.<init>()V+31
j  Presentacion.Interfaces.AdminProveedores.<init>()V+13
j  Presentacion.Interfaces.Ingreso.AdmProveedoresActionPerformed(Ljava/awt/event/ActionEvent;)V+4
j  Presentacion.Interfaces.Ingreso.access$600(LPresentacion/Interfaces/Ingreso;Ljava/awt/event/ActionEvent;)V+2
j  Presentacion.Interfaces.Ingreso$8.actionPerformed(Ljava/awt/event/ActionEvent;)V+5
j  javax.swing.AbstractButton.fireActionPerformed(Ljava/awt/event/ActionEvent;)V+84
j  javax.swing.AbstractButton$Handler.actionPerformed(Ljava/awt/event/ActionEvent;)V+5
j  javax.swing.DefaultButtonModel.fireActionPerformed(Ljava/awt/event/ActionEvent;)V+35
j  javax.swing.DefaultButtonModel.setPressed(Z)V+117
j  javax.swing.plaf.basic.BasicButtonListener.mouseReleased(Ljava/awt/event/MouseEvent;)V+35
j  java.awt.Component.processMouseEvent(Ljava/awt/event/MouseEvent;)V+64
j  javax.swing.JComponent.processMouseEvent(Ljava/awt/event/MouseEvent;)V+23
j  java.awt.Component.processEvent(Ljava/awt/AWTEvent;)V+81
j  java.awt.Container.processEvent(Ljava/awt/AWTEvent;)V+18
J  java.awt.Component.dispatchEventImpl(Ljava/awt/AWTEvent;)V
J  java.awt.Container.dispatchEventImpl(Ljava/awt/AWTEvent;)V
J  java.awt.LightweightDispatcher.retargetMouseEvent(Ljava/awt/Component;ILjava/awt/event/MouseEvent;)V
J  java.awt.LightweightDispatcher.processMouseEvent(Ljava/awt/event/MouseEvent;)Z
J  java.awt.LightweightDispatcher.dispatchEvent(Ljava/awt/AWTEvent;)Z
J  java.awt.Container.dispatchEventImpl(Ljava/awt/AWTEvent;)V
J  java.awt.Window.dispatchEventImpl(Ljava/awt/AWTEvent;)V
J  java.awt.EventQueue.dispatchEvent(Ljava/awt/AWTEvent;)V
J  java.awt.EventDispatchThread.pumpOneEventForHierarchy(ILjava/awt/Component;)Z
v  ~RuntimeStub::alignment_frame_return Runtime1 stub
j  java.awt.EventDispatchThread.pumpEventsForHierarchy(ILjava/awt/Conditional;Ljava/awt/Component;)V+26
j  java.awt.EventDispatchThread.pumpEvents(ILjava/awt/Conditional;)V+4
j  java.awt.EventDispatchThread.pumpEvents(Ljava/awt/Conditional;)V+3
j  java.awt.EventDispatchThread.run()V+9
v  ~StubRoutines::call_stub
V  [jvm.dll+0x845a9]
V  [jvm.dll+0xd9317]
V  [jvm.dll+0x8447a]
V  [jvm.dll+0x841d7]
V  [jvm.dll+0x9ed69]
V  [jvm.dll+0x109fe3]
V  [jvm.dll+0x109fb1]
C  [MSVCRT.dll+0x2a3b0]
C  [kernel32.dll+0xb50b]

Java frames: (J=compiled Java code, j=interpreted, Vv=VM code)
j  sun.jdbc.odbc.JdbcOdbc.allocConnect(J[B)J+0
j  sun.jdbc.odbc.JdbcOdbc.SQLAllocConnect(J)J+30
j  sun.jdbc.odbc.JdbcOdbcDriver.allocConnection(J)J+6
j  sun.jdbc.odbc.JdbcOdbcConnection.initialize(Ljava/lang/String;Ljava/util/Properties;I)V+37
j  sun.jdbc.odbc.JdbcOdbcDriver.connect(Ljava/lang/String;Ljava/util/Properties;)Ljava/sql/Connection;+129
j  java.sql.DriverManager.getConnection(Ljava/lang/String;Ljava/util/Properties;Ljava/lang/ClassLoader;)Ljava/sql/Connection;+165
j  java.sql.DriverManager.getConnection(Ljava/lang/String;)Ljava/sql/Connection;+15
j  BaseDatos.Sql.conectar()Ljava/sql/Connection;+13
j  BaseDatos.IntermediarioProveedores.<init>()V+20
j  Dominio.Controladores.ControladorABM.<init>()V+31
j  Presentacion.Interfaces.AdminProveedores.<init>()V+13
j  Presentacion.Interfaces.Ingreso.AdmProveedoresActionPerformed(Ljava/awt/event/ActionEvent;)V+4
j  Presentacion.Interfaces.Ingreso.access$600(LPresentacion/Interfaces/Ingreso;Ljava/awt/event/ActionEvent;)V+2
j  Presentacion.Interfaces.Ingreso$8.actionPerformed(Ljava/awt/event/ActionEvent;)V+5
j  javax.swing.AbstractButton.fireActionPerformed(Ljava/awt/event/ActionEvent;)V+84
j  javax.swing.AbstractButton$Handler.actionPerformed(Ljava/awt/event/ActionEvent;)V+5
j  javax.swing.DefaultButtonModel.fireActionPerformed(Ljava/awt/event/ActionEvent;)V+35
j  javax.swing.DefaultButtonModel.setPressed(Z)V+117
j  javax.swing.plaf.basic.BasicButtonListener.mouseReleased(Ljava/awt/event/MouseEvent;)V+35
j  java.awt.Component.processMouseEvent(Ljava/awt/event/MouseEvent;)V+64
j  javax.swing.JComponent.processMouseEvent(Ljava/awt/event/MouseEvent;)V+23
j  java.awt.Component.processEvent(Ljava/awt/AWTEvent;)V+81
j  java.awt.Container.processEvent(Ljava/awt/AWTEvent;)V+18
J  java.awt.Component.dispatchEventImpl(Ljava/awt/AWTEvent;)V
J  java.awt.Container.dispatchEventImpl(Ljava/awt/AWTEvent;)V
J  java.awt.LightweightDispatcher.retargetMouseEvent(Ljava/awt/Component;ILjava/awt/event/MouseEvent;)V
J  java.awt.LightweightDispatcher.processMouseEvent(Ljava/awt/event/MouseEvent;)Z
J  java.awt.LightweightDispatcher.dispatchEvent(Ljava/awt/AWTEvent;)Z
J  java.awt.Container.dispatchEventImpl(Ljava/awt/AWTEvent;)V
J  java.awt.Window.dispatchEventImpl(Ljava/awt/AWTEvent;)V
J  java.awt.EventQueue.dispatchEvent(Ljava/awt/AWTEvent;)V
J  java.awt.EventDispatchThread.pumpOneEventForHierarchy(ILjava/awt/Component;)Z
v  ~RuntimeStub::alignment_frame_return Runtime1 stub
j  java.awt.EventDispatchThread.pumpEventsForHierarchy(ILjava/awt/Conditional;Ljava/awt/Component;)V+26
j  java.awt.EventDispatchThread.pumpEvents(ILjava/awt/Conditional;)V+4
j  java.awt.EventDispatchThread.pumpEvents(Ljava/awt/Conditional;)V+3
j  java.awt.EventDispatchThread.run()V+9
v  ~StubRoutines::call_stub

---------------  P R O C E S S  ---------------

Java Threads: ( => current thread )
  0x02d05c20 JavaThread "TimerQueue" daemon [_thread_blocked, id=2116]
  0x02d02528 JavaThread "Java2D Disposer" daemon [_thread_blocked, id=2156]
  0x00035d00 JavaThread "DestroyJavaVM" [_thread_blocked, id=1060]
=>0x00b0c430 JavaThread "AWT-EventQueue-0" [_thread_in_native, id=400]
  0x00b0b5c0 JavaThread "AWT-Windows" daemon [_thread_in_native, id=2160]
  0x00b0da70 JavaThread "AWT-Shutdown" [_thread_blocked, id=1672]
  0x00abe550 JavaThread "Low Memory Detector" daemon [_thread_blocked, id=1992]
  0x00abd1d8 JavaThread "CompilerThread0" daemon [_thread_blocked, id=1832]
  0x00a98560 JavaThread "Signal Dispatcher" daemon [_thread_blocked, id=1144]
  0x00a89c90 JavaThread "Finalizer" daemon [_thread_blocked, id=1428]
  0x0003faa0 JavaThread "Reference Handler" daemon [_thread_blocked, id=1872]

Other Threads:
  0x00a88648 VMThread [id=1868]
  0x00abcce0 WatcherThread [id=764]

VM state:not at safepoint (normal execution)

VM Mutex/Monitor currently owned by a thread: None

Heap
 def new generation   total 576K, used 145K [0x22b20000, 0x22bc0000, 0x23000000)
  eden space 512K,  15% used [0x22b20000, 0x22b345f8, 0x22ba0000)
  from space 64K, 100% used [0x22ba0000, 0x22bb0000, 0x22bb0000)
  to   space 64K,   0% used [0x22bb0000, 0x22bb0000, 0x22bc0000)
 tenured generation   total 2028K, used 1975K [0x23000000, 0x231fb000, 0x26b20000)
   the space 2028K,  97% used [0x23000000, 0x231edef0, 0x231ee000, 0x231fb000)
 compacting perm gen  total 8192K, used 1814K [0x26b20000, 0x27320000, 0x2ab20000)
   the space 8192K,  22% used [0x26b20000, 0x26ce59a8, 0x26ce5a00, 0x27320000)
    ro space 8192K,  66% used [0x2ab20000, 0x2b07bcc0, 0x2b07be00, 0x2b320000)
    rw space 12288K,  46% used [0x2b320000, 0x2b8c2060, 0x2b8c2200, 0x2bf20000)

Dynamic libraries:
0x00400000 - 0x0040c000 	C:\Archivos de programa\Java\jdk1.5.0_06\jre\bin\java.exe
0x7c910000 - 0x7c9c6000 	C:\WINDOWS\system32\ntdll.dll
0x7c800000 - 0x7c901000 	C:\WINDOWS\system32\kernel32.dll
0x77da0000 - 0x77e4c000 	C:\WINDOWS\system32\ADVAPI32.dll
0x77e50000 - 0x77ee1000 	C:\WINDOWS\system32\RPCRT4.dll
0x77be0000 - 0x77c38000 	C:\WINDOWS\system32\MSVCRT.dll
0x6d6e0000 - 0x6d874000 	C:\Archivos de programa\Java\jdk1.5.0_06\jre\bin\client\jvm.dll
0x77d10000 - 0x77da0000 	C:\WINDOWS\system32\USER32.dll
0x77ef0000 - 0x77f37000 	C:\WINDOWS\system32\GDI32.dll
0x76b00000 - 0x76b2e000 	C:\WINDOWS\system32\WINMM.dll
0x5d160000 - 0x5d167000 	C:\WINDOWS\system32\serwvdrv.dll
0x5b480000 - 0x5b487000 	C:\WINDOWS\system32\umdmxfrm.dll
0x6d2f0000 - 0x6d2f8000 	C:\Archivos de programa\Java\jdk1.5.0_06\jre\bin\hpi.dll
0x76bb0000 - 0x76bbb000 	C:\WINDOWS\system32\PSAPI.DLL
0x6d6b0000 - 0x6d6bc000 	C:\Archivos de programa\Java\jdk1.5.0_06\jre\bin\verify.dll
0x6d370000 - 0x6d38d000 	C:\Archivos de programa\Java\jdk1.5.0_06\jre\bin\java.dll
0x6d6d0000 - 0x6d6df000 	C:\Archivos de programa\Java\jdk1.5.0_06\jre\bin\zip.dll
0x6d070000 - 0x6d1d7000 	C:\Archivos de programa\Java\jdk1.5.0_06\jre\bin\awt.dll
0x72f80000 - 0x72fa6000 	C:\WINDOWS\system32\WINSPOOL.DRV
0x76340000 - 0x7635d000 	C:\WINDOWS\system32\IMM32.dll
0x774b0000 - 0x775ed000 	C:\WINDOWS\system32\ole32.dll
0x736e0000 - 0x73729000 	C:\WINDOWS\system32\ddraw.dll
0x73b40000 - 0x73b46000 	C:\WINDOWS\system32\DCIMAN32.dll
0x746b0000 - 0x746fb000 	C:\WINDOWS\system32\MSCTF.dll
0x6d2b0000 - 0x6d2ed000 	C:\Archivos de programa\Java\jdk1.5.0_06\jre\bin\fontmanager.dll
0x7c9d0000 - 0x7d1ef000 	C:\WINDOWS\system32\shell32.dll
0x77f40000 - 0x77fb6000 	C:\WINDOWS\system32\SHLWAPI.dll
0x773a0000 - 0x774a2000 	C:\WINDOWS\WinSxS\x86_Microsoft.Windows.Common-Controls_6595b64144ccf1df_6.0.2600.2180_x-ww_a84f1ff9\comctl32.dll
0x58c30000 - 0x58cc7000 	C:\WINDOWS\system32\comctl32.dll
0x6d530000 - 0x6d543000 	C:\Archivos de programa\Java\jdk1.5.0_06\jre\bin\net.dll
0x71a30000 - 0x71a47000 	C:\WINDOWS\system32\WS2_32.dll
0x71a20000 - 0x71a28000 	C:\WINDOWS\system32\WS2HELP.dll
0x6d550000 - 0x6d559000 	C:\Archivos de programa\Java\jdk1.5.0_06\jre\bin\nio.dll
0x6d3e0000 - 0x6d3ed000 	C:\Archivos de programa\Java\jdk1.5.0_06\jre\bin\JdbcOdbc.dll
0x745e0000 - 0x7461d000 	C:\WINDOWS\system32\ODBC32.dll
0x76360000 - 0x763aa000 	C:\WINDOWS\system32\comdlg32.dll
0x20000000 - 0x20018000 	C:\WINDOWS\system32\odbcint.dll
0x77bd0000 - 0x77bd8000 	C:\WINDOWS\system32\VERSION.dll
0x597f0000 - 0x59844000 	C:\WINDOWS\system32\NETAPI32.dll
0x77fc0000 - 0x77fd1000 	C:\WINDOWS\system32\Secur32.dll
0x612d0000 - 0x612eb000 	C:\WINDOWS\system32\odbccp32.dll
0x77c40000 - 0x77c63000 	C:\WINDOWS\system32\msv1_0.dll
0x76d20000 - 0x76d39000 	C:\WINDOWS\system32\iphlpapi.dll
0x76ee0000 - 0x76f07000 	C:\WINDOWS\system32\DNSAPI.dll
0x76f20000 - 0x76f4d000 	C:\WINDOWS\system32\WLDAP32.dll
0x719d0000 - 0x71a10000 	C:\WINDOWS\system32\mswsock.dll
0x66740000 - 0x66799000 	C:\WINDOWS\system32\hnetcfg.dll
0x71a10000 - 0x71a18000 	C:\WINDOWS\System32\wshtcpip.dll
0x76f70000 - 0x76f78000 	C:\WINDOWS\System32\winrnr.dll
0x76f80000 - 0x76f86000 	C:\WINDOWS\system32\rasadhlp.dll

VM Arguments:
java_command: Presentacion.Interfaces.Ingreso
Launcher Type: SUN_STANDARD

Environment Variables:
CLASSPATH=.
PATH=C:\WINDOWS\SYSTEM32;C:\WINDOWS;C:\WINDOWS\SYSTEM32\WBEM;C:\ARCHIVOS DE PROGRAMA\MICROSOFT SQL SERVER\80\TOOLS\BINN
USERNAME=Adriana
OS=Windows_NT
PROCESSOR_IDENTIFIER=x86 Family 6 Model 8 Stepping 10, GenuineIntel



---------------  S Y S T E M  ---------------

OS: Windows XP Build 2600 Service Pack 2

CPU:total 1 family 6, cmov, cx8, fxsr, mmx, sse

Memory: 4k page, physical 261616k(61032k free), swap 633076k(242064k free)

vm_info: Java HotSpot(TM) Client VM (1.5.0_06-b05) for windows-x86, built on Nov 10 2005 11:12:14 by "java_re" with MS VC++ 6.0

